16-Dec-2025 11:50:16.892 INFO [main] org.apache.catalina.startup.VersionLoggerListener.log Server version name:   Apache Tomcat/8.5.100
16-Dec-2025 11:50:16.899 INFO [main] org.apache.catalina.startup.VersionLoggerListener.log Server built:          Mar 19 2024 13:54:42 UTC
16-Dec-2025 11:50:16.899 INFO [main] org.apache.catalina.startup.VersionLoggerListener.log Server version number: 8.5.100.0
16-Dec-2025 11:50:16.899 INFO [main] org.apache.catalina.startup.VersionLoggerListener.log OS Name:               Windows 11
16-Dec-2025 11:50:16.899 INFO [main] org.apache.catalina.startup.VersionLoggerListener.log OS Version:            10.0
16-Dec-2025 11:50:16.899 INFO [main] org.apache.catalina.startup.VersionLoggerListener.log Architecture:          amd64
16-Dec-2025 11:50:16.899 INFO [main] org.apache.catalina.startup.VersionLoggerListener.log Java Home:             C:\Program Files\sapjvm\sapjvm_8\jre
16-Dec-2025 11:50:16.899 INFO [main] org.apache.catalina.startup.VersionLoggerListener.log JVM Version:           8.1.106
16-Dec-2025 11:50:16.899 INFO [main] org.apache.catalina.startup.VersionLoggerListener.log JVM Vendor:            SAP AG
16-Dec-2025 11:50:16.899 INFO [main] org.apache.catalina.startup.VersionLoggerListener.log CATALINA_BASE:         C:\Users\I762635\Desktop\WebDev_Projects\WEB_DEV_CA\CA2\apache-tomcat-8.5.100
16-Dec-2025 11:50:16.899 INFO [main] org.apache.catalina.startup.VersionLoggerListener.log CATALINA_HOME:         C:\Users\I762635\Desktop\WebDev_Projects\WEB_DEV_CA\CA2\apache-tomcat-8.5.100
16-Dec-2025 11:50:16.899 INFO [main] org.apache.catalina.startup.VersionLoggerListener.log Command line argument: -Djava.util.logging.config.file=C:\Users\I762635\Desktop\WebDev_Projects\WEB_DEV_CA\CA2\apache-tomcat-8.5.100\conf\logging.properties
16-Dec-2025 11:50:16.906 INFO [main] org.apache.catalina.startup.VersionLoggerListener.log Command line argument: -Djava.util.logging.manager=org.apache.juli.ClassLoaderLogManager
16-Dec-2025 11:50:16.906 INFO [main] org.apache.catalina.startup.VersionLoggerListener.log Command line argument: -Djdk.tls.ephemeralDHKeySize=2048
16-Dec-2025 11:50:16.906 INFO [main] org.apache.catalina.startup.VersionLoggerListener.log Command line argument: -Djava.protocol.handler.pkgs=org.apache.catalina.webresources
16-Dec-2025 11:50:16.906 INFO [main] org.apache.catalina.startup.VersionLoggerListener.log Command line argument: -Dignore.endorsed.dirs=
16-Dec-2025 11:50:16.906 INFO [main] org.apache.catalina.startup.VersionLoggerListener.log Command line argument: -Dcatalina.base=C:\Users\I762635\Desktop\WebDev_Projects\WEB_DEV_CA\CA2\apache-tomcat-8.5.100
16-Dec-2025 11:50:16.906 INFO [main] org.apache.catalina.startup.VersionLoggerListener.log Command line argument: -Dcatalina.home=C:\Users\I762635\Desktop\WebDev_Projects\WEB_DEV_CA\CA2\apache-tomcat-8.5.100
16-Dec-2025 11:50:16.906 INFO [main] org.apache.catalina.startup.VersionLoggerListener.log Command line argument: -Djava.io.tmpdir=C:\Users\I762635\Desktop\WebDev_Projects\WEB_DEV_CA\CA2\apache-tomcat-8.5.100\temp
16-Dec-2025 11:50:16.906 INFO [main] org.apache.catalina.core.AprLifecycleListener.lifecycleEvent Loaded Apache Tomcat Native library [1.2.39] using APR version [1.7.4].
16-Dec-2025 11:50:16.906 INFO [main] org.apache.catalina.core.AprLifecycleListener.lifecycleEvent APR capabilities: IPv6 [true], sendfile [true], accept filters [false], random [true], UDS [{4}].
16-Dec-2025 11:50:16.906 INFO [main] org.apache.catalina.core.AprLifecycleListener.lifecycleEvent APR/OpenSSL configuration: useAprConnector [false], useOpenSSL [true]
16-Dec-2025 11:50:16.917 INFO [main] org.apache.catalina.core.AprLifecycleListener.initializeSSL OpenSSL successfully initialized [OpenSSL 3.0.11 19 Sep 2023]
16-Dec-2025 11:50:17.167 INFO [main] org.apache.coyote.AbstractProtocol.init Initializing ProtocolHandler ["http-nio-8080"]
16-Dec-2025 11:50:17.174 SEVERE [main] org.apache.catalina.core.StandardService.initInternal Failed to initialize connector [Connector["http-nio-8080"]]
	org.apache.catalina.LifecycleException: Protocol handler initialization failed
		at org.apache.catalina.connector.Connector.initInternal(Connector.java:1076)
		at org.apache.catalina.util.LifecycleBase.init(LifecycleBase.java:127)
		at org.apache.catalina.core.StandardService.initInternal(StandardService.java:564)
		at org.apache.catalina.util.LifecycleBase.init(LifecycleBase.java:127)
		at org.apache.catalina.core.StandardServer.initInternal(StandardServer.java:861)
		at org.apache.catalina.util.LifecycleBase.init(LifecycleBase.java:127)
		at org.apache.catalina.startup.Catalina.load(Catalina.java:596)
		at org.apache.catalina.startup.Catalina.load(Catalina.java:619)
		at sun.reflect.NativeMethodAccessorImpl.invoke0(Native Method)
		at sun.reflect.NativeMethodAccessorImpl.invoke(NativeMethodAccessorImpl.java:62)
		at sun.reflect.DelegatingMethodAccessorImpl.invoke(DelegatingMethodAccessorImpl.java:43)
		at java.lang.reflect.Method.invoke(Method.java:498)
		at org.apache.catalina.startup.Bootstrap.load(Bootstrap.java:302)
		at org.apache.catalina.startup.Bootstrap.main(Bootstrap.java:475)
	Caused by: java.net.BindException: Address already in use: bind (port:8080)
		at sun.nio.ch.Net.bind0(Native Method)
		at sun.nio.ch.Net.bind(Net.java:440)
		at sun.nio.ch.Net.bind(Net.java:430)
		at sun.nio.ch.ServerSocketChannelImpl.bind(ServerSocketChannelImpl.java:225)
		at sun.nio.ch.ServerSocketAdaptor.bind(ServerSocketAdaptor.java:74)
		at org.apache.tomcat.util.net.NioEndpoint.initServerSocket(NioEndpoint.java:218)
		at org.apache.tomcat.util.net.NioEndpoint.bind(NioEndpoint.java:194)
		at org.apache.tomcat.util.net.AbstractEndpoint.bindWithCleanup(AbstractEndpoint.java:1328)
		at org.apache.tomcat.util.net.AbstractEndpoint.init(AbstractEndpoint.java:1341)
		at org.apache.tomcat.util.net.AbstractJsseEndpoint.init(AbstractJsseEndpoint.java:241)
		at org.apache.coyote.AbstractProtocol.init(AbstractProtocol.java:695)
		at org.apache.coyote.http11.AbstractHttp11Protocol.init(AbstractHttp11Protocol.java:76)
		at org.apache.catalina.connector.Connector.initInternal(Connector.java:1074)
		... 13 more
16-Dec-2025 11:50:17.186 INFO [main] org.apache.catalina.startup.Catalina.load Initialization processed in 2155 ms
16-Dec-2025 11:50:17.303 INFO [main] org.apache.catalina.core.StandardService.startInternal Starting service [Catalina]
16-Dec-2025 11:50:17.303 INFO [main] org.apache.catalina.core.StandardEngine.startInternal Starting Servlet engine: [Apache Tomcat/8.5.100]
16-Dec-2025 11:50:17.341 INFO [localhost-startStop-1] org.apache.catalina.startup.HostConfig.deployWAR Deploying web application archive [C:\Users\I762635\Desktop\WebDev_Projects\WEB_DEV_CA\CA2\apache-tomcat-8.5.100\webapps\ca2.war]
16-Dec-2025 11:50:19.273 INFO [localhost-startStop-1] org.apache.jasper.servlet.TldScanner.scanJars At least one JAR was scanned for TLDs yet contained no TLDs. Enable debug logging for this logger for a complete list of JARs that were scanned but no TLDs were found in them. Skipping unneeded JARs during scanning can improve startup time and JSP compilation time.
16-Dec-2025 11:50:19.960 WARNING [localhost-startStop-1] org.apache.catalina.util.SessionIdGeneratorBase.createSecureRandom Creation of SecureRandom instance for session ID generation using [SHA1PRNG] took [647] milliseconds.
16-Dec-2025 11:50:19.969 SEVERE [localhost-startStop-1] org.apache.catalina.core.StandardContext.startInternal One or more Filters failed to start. Full details will be found in the appropriate container log file
16-Dec-2025 11:50:19.969 SEVERE [localhost-startStop-1] org.apache.catalina.core.StandardContext.startInternal Context [/ca2] startup failed due to previous errors
16-Dec-2025 11:50:19.985 INFO [localhost-startStop-1] org.apache.catalina.startup.HostConfig.deployWAR Deployment of web application archive [C:\Users\I762635\Desktop\WebDev_Projects\WEB_DEV_CA\CA2\apache-tomcat-8.5.100\webapps\ca2.war] has finished in [2,644] ms
16-Dec-2025 11:50:19.985 INFO [localhost-startStop-1] org.apache.catalina.startup.HostConfig.deployDirectory Deploying web application directory [C:\Users\I762635\Desktop\WebDev_Projects\WEB_DEV_CA\CA2\apache-tomcat-8.5.100\webapps\docs]
16-Dec-2025 11:50:20.054 INFO [localhost-startStop-1] org.apache.catalina.startup.HostConfig.deployDirectory Deployment of web application directory [C:\Users\I762635\Desktop\WebDev_Projects\WEB_DEV_CA\CA2\apache-tomcat-8.5.100\webapps\docs] has finished in [69] ms
16-Dec-2025 11:50:20.054 INFO [localhost-startStop-1] org.apache.catalina.startup.HostConfig.deployDirectory Deploying web application directory [C:\Users\I762635\Desktop\WebDev_Projects\WEB_DEV_CA\CA2\apache-tomcat-8.5.100\webapps\examples]
16-Dec-2025 11:50:20.569 INFO [localhost-startStop-1] org.apache.catalina.startup.HostConfig.deployDirectory Deployment of web application directory [C:\Users\I762635\Desktop\WebDev_Projects\WEB_DEV_CA\CA2\apache-tomcat-8.5.100\webapps\examples] has finished in [515] ms
16-Dec-2025 11:50:20.569 INFO [localhost-startStop-1] org.apache.catalina.startup.HostConfig.deployDirectory Deploying web application directory [C:\Users\I762635\Desktop\WebDev_Projects\WEB_DEV_CA\CA2\apache-tomcat-8.5.100\webapps\host-manager]
16-Dec-2025 11:50:20.621 INFO [localhost-startStop-1] org.apache.catalina.startup.HostConfig.deployDirectory Deployment of web application directory [C:\Users\I762635\Desktop\WebDev_Projects\WEB_DEV_CA\CA2\apache-tomcat-8.5.100\webapps\host-manager] has finished in [52] ms
16-Dec-2025 11:50:20.627 INFO [localhost-startStop-1] org.apache.catalina.startup.HostConfig.deployDirectory Deploying web application directory [C:\Users\I762635\Desktop\WebDev_Projects\WEB_DEV_CA\CA2\apache-tomcat-8.5.100\webapps\manager]
16-Dec-2025 11:50:20.686 INFO [localhost-startStop-1] org.apache.catalina.startup.HostConfig.deployDirectory Deployment of web application directory [C:\Users\I762635\Desktop\WebDev_Projects\WEB_DEV_CA\CA2\apache-tomcat-8.5.100\webapps\manager] has finished in [59] ms
16-Dec-2025 11:50:20.686 INFO [localhost-startStop-1] org.apache.catalina.startup.HostConfig.deployDirectory Deploying web application directory [C:\Users\I762635\Desktop\WebDev_Projects\WEB_DEV_CA\CA2\apache-tomcat-8.5.100\webapps\ROOT]
16-Dec-2025 11:50:20.728 INFO [localhost-startStop-1] org.apache.catalina.startup.HostConfig.deployDirectory Deployment of web application directory [C:\Users\I762635\Desktop\WebDev_Projects\WEB_DEV_CA\CA2\apache-tomcat-8.5.100\webapps\ROOT] has finished in [42] ms
16-Dec-2025 11:50:20.734 INFO [main] org.apache.catalina.startup.Catalina.start Server startup in 3547 ms
16-Dec-2025 11:50:20.742 SEVERE [main] org.apache.catalina.core.StandardServer.await Failed to create server shutdown socket on address [localhost] and port [8005] (base port [8005] and offset [0])
	java.net.BindException: Address already in use: JVM_Bind (local host unknown, remote port 8005 to address 127.0.0.1)
		at java.net.DualStackPlainSocketImpl.bind0(Native Method)
		at java.net.DualStackPlainSocketImpl.socketBind(DualStackPlainSocketImpl.java:103)
		at java.net.AbstractPlainSocketImpl.bind(AbstractPlainSocketImpl.java:513)
		at java.net.PlainSocketImpl.bind(PlainSocketImpl.java:181)
		at java.net.ServerSocket.bind(ServerSocket.java:375)
		at java.net.ServerSocket.<init>(ServerSocket.java:237)
		at org.apache.catalina.core.StandardServer.await(StandardServer.java:444)
		at org.apache.catalina.startup.Catalina.await(Catalina.java:730)
		at org.apache.catalina.startup.Catalina.start(Catalina.java:678)
		at sun.reflect.NativeMethodAccessorImpl.invoke0(Native Method)
		at sun.reflect.NativeMethodAccessorImpl.invoke(NativeMethodAccessorImpl.java:62)
		at sun.reflect.DelegatingMethodAccessorImpl.invoke(DelegatingMethodAccessorImpl.java:43)
		at java.lang.reflect.Method.invoke(Method.java:498)
		at org.apache.catalina.startup.Bootstrap.start(Bootstrap.java:345)
		at org.apache.catalina.startup.Bootstrap.main(Bootstrap.java:476)
16-Dec-2025 11:50:20.742 INFO [main] org.apache.coyote.AbstractProtocol.pause Pausing ProtocolHandler ["http-nio-8080"]
16-Dec-2025 11:50:20.742 INFO [main] org.apache.catalina.core.StandardService.stopInternal Stopping service [Catalina]
16-Dec-2025 11:50:20.761 INFO [main] org.apache.coyote.AbstractProtocol.stop Stopping ProtocolHandler ["http-nio-8080"]
16-Dec-2025 11:50:20.775 INFO [main] org.apache.coyote.AbstractProtocol.destroy Destroying ProtocolHandler ["http-nio-8080"]
16-Dec-2025 11:55:26.924 INFO [main] org.apache.catalina.startup.VersionLoggerListener.log Server version name:   Apache Tomcat/8.5.100
16-Dec-2025 11:55:26.928 INFO [main] org.apache.catalina.startup.VersionLoggerListener.log Server built:          Mar 19 2024 13:54:42 UTC
16-Dec-2025 11:55:26.928 INFO [main] org.apache.catalina.startup.VersionLoggerListener.log Server version number: 8.5.100.0
16-Dec-2025 11:55:26.928 INFO [main] org.apache.catalina.startup.VersionLoggerListener.log OS Name:               Windows 11
16-Dec-2025 11:55:26.928 INFO [main] org.apache.catalina.startup.VersionLoggerListener.log OS Version:            10.0
16-Dec-2025 11:55:26.928 INFO [main] org.apache.catalina.startup.VersionLoggerListener.log Architecture:          amd64
16-Dec-2025 11:55:26.934 INFO [main] org.apache.catalina.startup.VersionLoggerListener.log Java Home:             C:\Program Files\sapjvm\sapjvm_8\jre
16-Dec-2025 11:55:26.934 INFO [main] org.apache.catalina.startup.VersionLoggerListener.log JVM Version:           8.1.106
16-Dec-2025 11:55:26.934 INFO [main] org.apache.catalina.startup.VersionLoggerListener.log JVM Vendor:            SAP AG
16-Dec-2025 11:55:26.934 INFO [main] org.apache.catalina.startup.VersionLoggerListener.log CATALINA_BASE:         C:\Users\I762635\Desktop\WebDev_Projects\WEB_DEV_CA\CA2\apache-tomcat-8.5.100
16-Dec-2025 11:55:26.934 INFO [main] org.apache.catalina.startup.VersionLoggerListener.log CATALINA_HOME:         C:\Users\I762635\Desktop\WebDev_Projects\WEB_DEV_CA\CA2\apache-tomcat-8.5.100
16-Dec-2025 11:55:26.934 INFO [main] org.apache.catalina.startup.VersionLoggerListener.log Command line argument: -Djava.util.logging.config.file=C:\Users\I762635\Desktop\WebDev_Projects\WEB_DEV_CA\CA2\apache-tomcat-8.5.100\conf\logging.properties
16-Dec-2025 11:55:26.934 INFO [main] org.apache.catalina.startup.VersionLoggerListener.log Command line argument: -Djava.util.logging.manager=org.apache.juli.ClassLoaderLogManager
16-Dec-2025 11:55:26.934 INFO [main] org.apache.catalina.startup.VersionLoggerListener.log Command line argument: -Djdk.tls.ephemeralDHKeySize=2048
16-Dec-2025 11:55:26.934 INFO [main] org.apache.catalina.startup.VersionLoggerListener.log Command line argument: -Djava.protocol.handler.pkgs=org.apache.catalina.webresources
16-Dec-2025 11:55:26.939 INFO [main] org.apache.catalina.startup.VersionLoggerListener.log Command line argument: -Dignore.endorsed.dirs=
16-Dec-2025 11:55:26.939 INFO [main] org.apache.catalina.startup.VersionLoggerListener.log Command line argument: -Dcatalina.base=C:\Users\I762635\Desktop\WebDev_Projects\WEB_DEV_CA\CA2\apache-tomcat-8.5.100
16-Dec-2025 11:55:26.939 INFO [main] org.apache.catalina.startup.VersionLoggerListener.log Command line argument: -Dcatalina.home=C:\Users\I762635\Desktop\WebDev_Projects\WEB_DEV_CA\CA2\apache-tomcat-8.5.100
16-Dec-2025 11:55:26.939 INFO [main] org.apache.catalina.startup.VersionLoggerListener.log Command line argument: -Djava.io.tmpdir=C:\Users\I762635\Desktop\WebDev_Projects\WEB_DEV_CA\CA2\apache-tomcat-8.5.100\temp
16-Dec-2025 11:55:26.940 INFO [main] org.apache.catalina.core.AprLifecycleListener.lifecycleEvent Loaded Apache Tomcat Native library [1.2.39] using APR version [1.7.4].
16-Dec-2025 11:55:26.940 INFO [main] org.apache.catalina.core.AprLifecycleListener.lifecycleEvent APR capabilities: IPv6 [true], sendfile [true], accept filters [false], random [true], UDS [{4}].
16-Dec-2025 11:55:26.941 INFO [main] org.apache.catalina.core.AprLifecycleListener.lifecycleEvent APR/OpenSSL configuration: useAprConnector [false], useOpenSSL [true]
16-Dec-2025 11:55:26.951 INFO [main] org.apache.catalina.core.AprLifecycleListener.initializeSSL OpenSSL successfully initialized [OpenSSL 3.0.11 19 Sep 2023]
16-Dec-2025 11:55:27.221 INFO [main] org.apache.coyote.AbstractProtocol.init Initializing ProtocolHandler ["http-nio-8080"]
16-Dec-2025 11:55:27.265 INFO [main] org.apache.catalina.startup.Catalina.load Initialization processed in 2920 ms
16-Dec-2025 11:55:27.371 INFO [main] org.apache.catalina.core.StandardService.startInternal Starting service [Catalina]
16-Dec-2025 11:55:27.371 INFO [main] org.apache.catalina.core.StandardEngine.startInternal Starting Servlet engine: [Apache Tomcat/8.5.100]
16-Dec-2025 11:55:27.411 INFO [localhost-startStop-1] org.apache.catalina.startup.HostConfig.deployWAR Deploying web application archive [C:\Users\I762635\Desktop\WebDev_Projects\WEB_DEV_CA\CA2\apache-tomcat-8.5.100\webapps\ca2.war]
16-Dec-2025 11:55:27.432 INFO [localhost-startStop-1] org.apache.catalina.startup.ExpandWar.expand An expanded directory [C:\Users\I762635\Desktop\WebDev_Projects\WEB_DEV_CA\CA2\apache-tomcat-8.5.100\webapps\ca2] was found with a last modified time that did not match the associated WAR. It will be deleted.
16-Dec-2025 11:55:29.346 INFO [localhost-startStop-1] org.apache.jasper.servlet.TldScanner.scanJars At least one JAR was scanned for TLDs yet contained no TLDs. Enable debug logging for this logger for a complete list of JARs that were scanned but no TLDs were found in them. Skipping unneeded JARs during scanning can improve startup time and JSP compilation time.
16-Dec-2025 11:55:29.876 WARNING [localhost-startStop-1] org.apache.catalina.util.SessionIdGeneratorBase.createSecureRandom Creation of SecureRandom instance for session ID generation using [SHA1PRNG] took [490] milliseconds.
16-Dec-2025 11:55:30.057 INFO [localhost-startStop-1] com.opensymphony.xwork2.config.providers.XmlConfigurationProvider.register Parsing configuration file [struts-default.xml]
16-Dec-2025 11:55:30.196 INFO [localhost-startStop-1] com.opensymphony.xwork2.config.providers.XmlConfigurationProvider.register Parsing configuration file [struts-plugin.xml]
16-Dec-2025 11:55:30.199 INFO [localhost-startStop-1] com.opensymphony.xwork2.config.providers.XmlConfigurationProvider.register Parsing configuration file [struts.xml]
16-Dec-2025 11:55:30.206 WARNING [localhost-startStop-1] org.apache.struts2.config.Settings.getLocale Settings: Could not parse struts.locale setting, substituting default VM locale
16-Dec-2025 11:55:30.633 INFO [localhost-startStop-1] com.opensymphony.xwork2.util.ObjectTypeDeterminerFactory.<clinit> Setting DefaultObjectTypeDeterminer as default ...
16-Dec-2025 11:55:30.655 INFO [localhost-startStop-1] org.apache.catalina.startup.HostConfig.deployWAR Deployment of web application archive [C:\Users\I762635\Desktop\WebDev_Projects\WEB_DEV_CA\CA2\apache-tomcat-8.5.100\webapps\ca2.war] has finished in [3,244] ms
16-Dec-2025 11:55:30.655 INFO [localhost-startStop-1] org.apache.catalina.startup.HostConfig.deployDirectory Deploying web application directory [C:\Users\I762635\Desktop\WebDev_Projects\WEB_DEV_CA\CA2\apache-tomcat-8.5.100\webapps\ROOT]
16-Dec-2025 11:55:30.703 INFO [localhost-startStop-1] org.apache.catalina.startup.HostConfig.deployDirectory Deployment of web application directory [C:\Users\I762635\Desktop\WebDev_Projects\WEB_DEV_CA\CA2\apache-tomcat-8.5.100\webapps\ROOT] has finished in [48] ms
16-Dec-2025 11:55:30.708 INFO [main] org.apache.coyote.AbstractProtocol.start Starting ProtocolHandler ["http-nio-8080"]
16-Dec-2025 11:55:30.737 INFO [main] org.apache.catalina.startup.Catalina.start Server startup in 3470 ms
16-Dec-2025 11:56:23.682 WARNING [http-nio-8080-exec-3] org.apache.struts2.components.Form.evaluateExtraParamsServletRequest No configuration found for the specified action: 'login' in namespace: ''. Form action defaulting to 'action' attribute's literal value.
16-Dec-2025 11:56:26.156 WARNING [http-nio-8080-exec-3] org.apache.struts2.components.Form.evaluateExtraParamsServletRequest No configuration found for the specified action: 'login' in namespace: ''. Form action defaulting to 'action' attribute's literal value.
16-Dec-2025 11:56:41.452 SEVERE [http-nio-8080-exec-8] org.apache.struts2.dispatcher.Dispatcher.serviceAction Could not find action or result
	There is no Action mapped for namespace / and action name dashboard. - [unknown location]
		at com.opensymphony.xwork2.DefaultActionProxy.prepare(DefaultActionProxy.java:186)
		at org.apache.struts2.impl.StrutsActionProxyFactory.createActionProxy(StrutsActionProxyFactory.java:41)
		at org.apache.struts2.dispatcher.Dispatcher.serviceAction(Dispatcher.java:494)
		at org.apache.struts2.dispatcher.FilterDispatcher.doFilter(FilterDispatcher.java:419)
		at org.apache.catalina.core.ApplicationFilterChain.internalDoFilter(ApplicationFilterChain.java:181)
		at org.apache.catalina.core.ApplicationFilterChain.doFilter(ApplicationFilterChain.java:156)
		at org.apache.catalina.core.StandardWrapperValve.invoke(StandardWrapperValve.java:168)
		at org.apache.catalina.core.StandardContextValve.invoke(StandardContextValve.java:90)
		at org.apache.catalina.authenticator.AuthenticatorBase.invoke(AuthenticatorBase.java:483)
		at org.apache.catalina.core.StandardHostValve.invoke(StandardHostValve.java:130)
		at org.apache.catalina.valves.ErrorReportValve.invoke(ErrorReportValve.java:93)
		at org.apache.catalina.valves.AbstractAccessLogValve.invoke(AbstractAccessLogValve.java:679)
		at org.apache.catalina.core.StandardEngineValve.invoke(StandardEngineValve.java:74)
		at org.apache.catalina.connector.CoyoteAdapter.service(CoyoteAdapter.java:346)
		at org.apache.coyote.http11.Http11Processor.service(Http11Processor.java:617)
		at org.apache.coyote.AbstractProcessorLight.process(AbstractProcessorLight.java:63)
		at org.apache.coyote.AbstractProtocol$ConnectionHandler.process(AbstractProtocol.java:934)
		at org.apache.tomcat.util.net.NioEndpoint$SocketProcessor.doRun(NioEndpoint.java:1690)
		at org.apache.tomcat.util.net.SocketProcessorBase.run(SocketProcessorBase.java:52)
		at org.apache.tomcat.util.threads.ThreadPoolExecutor.runWorker(ThreadPoolExecutor.java:1191)
		at org.apache.tomcat.util.threads.ThreadPoolExecutor$Worker.run(ThreadPoolExecutor.java:659)
		at org.apache.tomcat.util.threads.TaskThread$WrappingRunnable.run(TaskThread.java:63)
		at java.lang.Thread.run(Thread.java:838)
16-Dec-2025 11:58:11.038 INFO [ContainerBackgroundProcessor[StandardEngine[Catalina]]] org.apache.catalina.startup.HostConfig.undeploy Undeploying context [/ca2]
16-Dec-2025 11:58:11.099 SEVERE [ContainerBackgroundProcessor[StandardEngine[Catalina]]] org.apache.catalina.loader.WebappClassLoaderBase.checkThreadLocalMapForLeaks The web application [ca2] created a ThreadLocal with key of type [com.opensymphony.xwork2.inject.ContainerImpl$10] (value [com.opensymphony.xwork2.inject.ContainerImpl$10@7d8fbee0]) and a value of type [com.opensymphony.xwork2.inject.InternalContext[]] (value [[Lcom.opensymphony.xwork2.inject.InternalContext;@65c6719f]) but failed to remove it when the web application was stopped. Threads are going to be renewed over time to try and avoid a probable memory leak.
16-Dec-2025 11:58:11.099 SEVERE [ContainerBackgroundProcessor[StandardEngine[Catalina]]] org.apache.catalina.loader.WebappClassLoaderBase.checkThreadLocalMapForLeaks The web application [ca2] created a ThreadLocal with key of type [com.opensymphony.xwork2.inject.ContainerImpl$10] (value [com.opensymphony.xwork2.inject.ContainerImpl$10@7d8fbee0]) and a value of type [com.opensymphony.xwork2.inject.InternalContext[]] (value [[Lcom.opensymphony.xwork2.inject.InternalContext;@4199ab49]) but failed to remove it when the web application was stopped. Threads are going to be renewed over time to try and avoid a probable memory leak.
16-Dec-2025 11:58:11.107 SEVERE [ContainerBackgroundProcessor[StandardEngine[Catalina]]] org.apache.catalina.loader.WebappClassLoaderBase.checkThreadLocalMapForLeaks The web application [ca2] created a ThreadLocal with key of type [com.opensymphony.xwork2.inject.ContainerImpl$10] (value [com.opensymphony.xwork2.inject.ContainerImpl$10@7d8fbee0]) and a value of type [com.opensymphony.xwork2.inject.InternalContext[]] (value [[Lcom.opensymphony.xwork2.inject.InternalContext;@53494732]) but failed to remove it when the web application was stopped. Threads are going to be renewed over time to try and avoid a probable memory leak.
16-Dec-2025 11:58:11.107 SEVERE [ContainerBackgroundProcessor[StandardEngine[Catalina]]] org.apache.catalina.loader.WebappClassLoaderBase.checkThreadLocalMapForLeaks The web application [ca2] created a ThreadLocal with key of type [com.opensymphony.xwork2.inject.ContainerImpl$10] (value [com.opensymphony.xwork2.inject.ContainerImpl$10@7d8fbee0]) and a value of type [com.opensymphony.xwork2.inject.InternalContext[]] (value [[Lcom.opensymphony.xwork2.inject.InternalContext;@79459bbc]) but failed to remove it when the web application was stopped. Threads are going to be renewed over time to try and avoid a probable memory leak.
16-Dec-2025 11:58:11.107 SEVERE [ContainerBackgroundProcessor[StandardEngine[Catalina]]] org.apache.catalina.loader.WebappClassLoaderBase.checkThreadLocalMapForLeaks The web application [ca2] created a ThreadLocal with key of type [com.opensymphony.xwork2.inject.ContainerImpl$10] (value [com.opensymphony.xwork2.inject.ContainerImpl$10@7d8fbee0]) and a value of type [com.opensymphony.xwork2.inject.InternalContext[]] (value [[Lcom.opensymphony.xwork2.inject.InternalContext;@60ac3371]) but failed to remove it when the web application was stopped. Threads are going to be renewed over time to try and avoid a probable memory leak.
16-Dec-2025 11:58:11.107 SEVERE [ContainerBackgroundProcessor[StandardEngine[Catalina]]] org.apache.catalina.loader.WebappClassLoaderBase.checkThreadLocalMapForLeaks The web application [ca2] created a ThreadLocal with key of type [com.opensymphony.xwork2.inject.ContainerImpl$10] (value [com.opensymphony.xwork2.inject.ContainerImpl$10@7d8fbee0]) and a value of type [com.opensymphony.xwork2.inject.InternalContext[]] (value [[Lcom.opensymphony.xwork2.inject.InternalContext;@6ee527de]) but failed to remove it when the web application was stopped. Threads are going to be renewed over time to try and avoid a probable memory leak.
16-Dec-2025 11:58:11.282 INFO [localhost-startStop-2] org.apache.catalina.startup.HostConfig.deployWAR Deploying web application archive [C:\Users\I762635\Desktop\WebDev_Projects\WEB_DEV_CA\CA2\apache-tomcat-8.5.100\webapps\ca2.war]
16-Dec-2025 11:58:14.511 INFO [localhost-startStop-2] org.apache.jasper.servlet.TldScanner.scanJars At least one JAR was scanned for TLDs yet contained no TLDs. Enable debug logging for this logger for a complete list of JARs that were scanned but no TLDs were found in them. Skipping unneeded JARs during scanning can improve startup time and JSP compilation time.
16-Dec-2025 11:58:14.854 INFO [localhost-startStop-2] com.opensymphony.xwork2.config.providers.XmlConfigurationProvider.register Parsing configuration file [struts-default.xml]
16-Dec-2025 11:58:15.140 INFO [localhost-startStop-2] com.opensymphony.xwork2.config.providers.XmlConfigurationProvider.register Parsing configuration file [struts-plugin.xml]
16-Dec-2025 11:58:15.148 INFO [localhost-startStop-2] com.opensymphony.xwork2.config.providers.XmlConfigurationProvider.register Parsing configuration file [struts.xml]
16-Dec-2025 11:58:15.158 WARNING [localhost-startStop-2] org.apache.struts2.config.Settings.getLocale Settings: Could not parse struts.locale setting, substituting default VM locale
16-Dec-2025 11:58:15.966 INFO [localhost-startStop-2] com.opensymphony.xwork2.util.ObjectTypeDeterminerFactory.<clinit> Setting DefaultObjectTypeDeterminer as default ...
16-Dec-2025 11:58:15.966 INFO [localhost-startStop-2] org.apache.catalina.startup.HostConfig.deployWAR Deployment of web application archive [C:\Users\I762635\Desktop\WebDev_Projects\WEB_DEV_CA\CA2\apache-tomcat-8.5.100\webapps\ca2.war] has finished in [4,684] ms
16-Dec-2025 11:58:21.714 SEVERE [http-nio-8080-exec-10] org.apache.struts2.dispatcher.Dispatcher.serviceAction Could not find action or result
	There is no Action mapped for namespace / and action name login. - [unknown location]
		at com.opensymphony.xwork2.DefaultActionProxy.prepare(DefaultActionProxy.java:186)
		at org.apache.struts2.impl.StrutsActionProxyFactory.createActionProxy(StrutsActionProxyFactory.java:41)
		at org.apache.struts2.dispatcher.Dispatcher.serviceAction(Dispatcher.java:494)
		at org.apache.struts2.dispatcher.FilterDispatcher.doFilter(FilterDispatcher.java:419)
		at org.apache.catalina.core.ApplicationFilterChain.internalDoFilter(ApplicationFilterChain.java:181)
		at org.apache.catalina.core.ApplicationFilterChain.doFilter(ApplicationFilterChain.java:156)
		at org.apache.catalina.core.StandardWrapperValve.invoke(StandardWrapperValve.java:168)
		at org.apache.catalina.core.StandardContextValve.invoke(StandardContextValve.java:90)
		at org.apache.catalina.authenticator.AuthenticatorBase.invoke(AuthenticatorBase.java:483)
		at org.apache.catalina.core.StandardHostValve.invoke(StandardHostValve.java:130)
		at org.apache.catalina.valves.ErrorReportValve.invoke(ErrorReportValve.java:93)
		at org.apache.catalina.valves.AbstractAccessLogValve.invoke(AbstractAccessLogValve.java:679)
		at org.apache.catalina.core.StandardEngineValve.invoke(StandardEngineValve.java:74)
		at org.apache.catalina.connector.CoyoteAdapter.service(CoyoteAdapter.java:346)
		at org.apache.coyote.http11.Http11Processor.service(Http11Processor.java:617)
		at org.apache.coyote.AbstractProcessorLight.process(AbstractProcessorLight.java:63)
		at org.apache.coyote.AbstractProtocol$ConnectionHandler.process(AbstractProtocol.java:934)
		at org.apache.tomcat.util.net.NioEndpoint$SocketProcessor.doRun(NioEndpoint.java:1690)
		at org.apache.tomcat.util.net.SocketProcessorBase.run(SocketProcessorBase.java:52)
		at org.apache.tomcat.util.threads.ThreadPoolExecutor.runWorker(ThreadPoolExecutor.java:1191)
		at org.apache.tomcat.util.threads.ThreadPoolExecutor$Worker.run(ThreadPoolExecutor.java:659)
		at org.apache.tomcat.util.threads.TaskThread$WrappingRunnable.run(TaskThread.java:63)
		at java.lang.Thread.run(Thread.java:838)
16-Dec-2025 11:59:16.061 INFO [ContainerBackgroundProcessor[StandardEngine[Catalina]]] org.apache.catalina.startup.HostConfig.undeploy Undeploying context [/ca2]
16-Dec-2025 11:59:16.097 SEVERE [ContainerBackgroundProcessor[StandardEngine[Catalina]]] org.apache.catalina.loader.WebappClassLoaderBase.checkThreadLocalMapForLeaks The web application [ca2] created a ThreadLocal with key of type [com.opensymphony.xwork2.inject.ContainerImpl$10] (value [com.opensymphony.xwork2.inject.ContainerImpl$10@7917a711]) and a value of type [com.opensymphony.xwork2.inject.InternalContext[]] (value [[Lcom.opensymphony.xwork2.inject.InternalContext;@6e570d14]) but failed to remove it when the web application was stopped. Threads are going to be renewed over time to try and avoid a probable memory leak.
16-Dec-2025 11:59:16.257 INFO [localhost-startStop-3] org.apache.catalina.startup.HostConfig.deployWAR Deploying web application archive [C:\Users\I762635\Desktop\WebDev_Projects\WEB_DEV_CA\CA2\apache-tomcat-8.5.100\webapps\ca2.war]
16-Dec-2025 11:59:19.636 INFO [localhost-startStop-3] org.apache.jasper.servlet.TldScanner.scanJars At least one JAR was scanned for TLDs yet contained no TLDs. Enable debug logging for this logger for a complete list of JARs that were scanned but no TLDs were found in them. Skipping unneeded JARs during scanning can improve startup time and JSP compilation time.
16-Dec-2025 11:59:19.970 INFO [localhost-startStop-3] com.opensymphony.xwork2.config.providers.XmlConfigurationProvider.register Parsing configuration file [struts-default.xml]
16-Dec-2025 11:59:20.259 INFO [localhost-startStop-3] com.opensymphony.xwork2.config.providers.XmlConfigurationProvider.register Parsing configuration file [struts-plugin.xml]
16-Dec-2025 11:59:20.266 INFO [localhost-startStop-3] com.opensymphony.xwork2.config.providers.XmlConfigurationProvider.register Parsing configuration file [struts.xml]
16-Dec-2025 11:59:20.278 WARNING [localhost-startStop-3] org.apache.struts2.config.Settings.getLocale Settings: Could not parse struts.locale setting, substituting default VM locale
16-Dec-2025 11:59:21.245 INFO [localhost-startStop-3] com.opensymphony.xwork2.util.ObjectTypeDeterminerFactory.<clinit> Setting DefaultObjectTypeDeterminer as default ...
16-Dec-2025 11:59:21.262 INFO [localhost-startStop-3] org.apache.catalina.startup.HostConfig.deployWAR Deployment of web application archive [C:\Users\I762635\Desktop\WebDev_Projects\WEB_DEV_CA\CA2\apache-tomcat-8.5.100\webapps\ca2.war] has finished in [5,005] ms
16-Dec-2025 11:59:23.117 SEVERE [http-nio-8080-exec-11] org.apache.struts2.dispatcher.Dispatcher.serviceAction Could not find action or result
	There is no Action mapped for namespace / and action name login. - [unknown location]
		at com.opensymphony.xwork2.DefaultActionProxy.prepare(DefaultActionProxy.java:186)
		at org.apache.struts2.impl.StrutsActionProxyFactory.createActionProxy(StrutsActionProxyFactory.java:41)
		at org.apache.struts2.dispatcher.Dispatcher.serviceAction(Dispatcher.java:494)
		at org.apache.struts2.dispatcher.FilterDispatcher.doFilter(FilterDispatcher.java:419)
		at org.apache.catalina.core.ApplicationFilterChain.internalDoFilter(ApplicationFilterChain.java:181)
		at org.apache.catalina.core.ApplicationFilterChain.doFilter(ApplicationFilterChain.java:156)
		at org.apache.catalina.core.StandardWrapperValve.invoke(StandardWrapperValve.java:168)
		at org.apache.catalina.core.StandardContextValve.invoke(StandardContextValve.java:90)
		at org.apache.catalina.authenticator.AuthenticatorBase.invoke(AuthenticatorBase.java:483)
		at org.apache.catalina.core.StandardHostValve.invoke(StandardHostValve.java:130)
		at org.apache.catalina.valves.ErrorReportValve.invoke(ErrorReportValve.java:93)
		at org.apache.catalina.valves.AbstractAccessLogValve.invoke(AbstractAccessLogValve.java:679)
		at org.apache.catalina.core.StandardEngineValve.invoke(StandardEngineValve.java:74)
		at org.apache.catalina.connector.CoyoteAdapter.service(CoyoteAdapter.java:346)
		at org.apache.coyote.http11.Http11Processor.service(Http11Processor.java:617)
		at org.apache.coyote.AbstractProcessorLight.process(AbstractProcessorLight.java:63)
		at org.apache.coyote.AbstractProtocol$ConnectionHandler.process(AbstractProtocol.java:934)
		at org.apache.tomcat.util.net.NioEndpoint$SocketProcessor.doRun(NioEndpoint.java:1690)
		at org.apache.tomcat.util.net.SocketProcessorBase.run(SocketProcessorBase.java:52)
		at org.apache.tomcat.util.threads.ThreadPoolExecutor.runWorker(ThreadPoolExecutor.java:1191)
		at org.apache.tomcat.util.threads.ThreadPoolExecutor$Worker.run(ThreadPoolExecutor.java:659)
		at org.apache.tomcat.util.threads.TaskThread$WrappingRunnable.run(TaskThread.java:63)
		at java.lang.Thread.run(Thread.java:838)
16-Dec-2025 11:59:47.252 WARNING [http-nio-8080-exec-8] org.apache.struts2.components.Form.evaluateExtraParamsServletRequest No configuration found for the specified action: 'login' in namespace: ''. Form action defaulting to 'action' attribute's literal value.
16-Dec-2025 11:59:49.437 WARNING [http-nio-8080-exec-8] org.apache.struts2.components.Form.evaluateExtraParamsServletRequest No configuration found for the specified action: 'login' in namespace: ''. Form action defaulting to 'action' attribute's literal value.
16-Dec-2025 12:10:32.452 INFO [ContainerBackgroundProcessor[StandardEngine[Catalina]]] org.apache.catalina.startup.HostConfig.undeploy Undeploying context [/ca2]
16-Dec-2025 12:10:32.469 SEVERE [ContainerBackgroundProcessor[StandardEngine[Catalina]]] org.apache.catalina.session.StandardManager.stopInternal Exception unloading sessions to persistent storage
	java.io.FileNotFoundException: C:\Users\I762635\Desktop\WebDev_Projects\WEB_DEV_CA\CA2\apache-tomcat-8.5.100\work\Catalina\localhost\ca2\SESSIONS.ser (The system cannot find the path specified)
		at java.io.FileOutputStream.open0(Native Method)
		at java.io.FileOutputStream.open(FileOutputStream.java:270)
		at java.io.FileOutputStream.<init>(FileOutputStream.java:213)
		at java.io.FileOutputStream.<init>(FileOutputStream.java:101)
		at org.apache.catalina.session.StandardManager.doUnload(StandardManager.java:293)
		at org.apache.catalina.session.StandardManager.unload(StandardManager.java:259)
		at org.apache.catalina.session.StandardManager.stopInternal(StandardManager.java:374)
		at org.apache.catalina.util.LifecycleBase.stop(LifecycleBase.java:242)
		at org.apache.catalina.core.StandardContext.stopInternal(StandardContext.java:5123)
		at org.apache.catalina.util.LifecycleBase.stop(LifecycleBase.java:242)
		at org.apache.catalina.core.ContainerBase.removeChild(ContainerBase.java:796)
		at org.apache.catalina.startup.HostConfig.undeploy(HostConfig.java:1439)
		at org.apache.catalina.startup.HostConfig.checkResources(HostConfig.java:1368)
		at org.apache.catalina.startup.HostConfig.check(HostConfig.java:1621)
		at org.apache.catalina.startup.HostConfig.lifecycleEvent(HostConfig.java:309)
		at org.apache.catalina.util.LifecycleBase.fireLifecycleEvent(LifecycleBase.java:114)
		at org.apache.catalina.core.ContainerBase.backgroundProcess(ContainerBase.java:1108)
		at org.apache.catalina.core.ContainerBase$ContainerBackgroundProcessor.processChildren(ContainerBase.java:1333)
		at org.apache.catalina.core.ContainerBase$ContainerBackgroundProcessor.processChildren(ContainerBase.java:1337)
		at org.apache.catalina.core.ContainerBase$ContainerBackgroundProcessor.run(ContainerBase.java:1305)
		at java.lang.Thread.run(Thread.java:838)
16-Dec-2025 12:10:32.487 SEVERE [ContainerBackgroundProcessor[StandardEngine[Catalina]]] org.apache.catalina.loader.WebappClassLoaderBase.checkThreadLocalMapForLeaks The web application [ca2] created a ThreadLocal with key of type [com.opensymphony.xwork2.inject.ContainerImpl$10] (value [com.opensymphony.xwork2.inject.ContainerImpl$10@353ed0f9]) and a value of type [com.opensymphony.xwork2.inject.InternalContext[]] (value [[Lcom.opensymphony.xwork2.inject.InternalContext;@3257b758]) but failed to remove it when the web application was stopped. Threads are going to be renewed over time to try and avoid a probable memory leak.
16-Dec-2025 12:11:02.544 INFO [localhost-startStop-4] org.apache.catalina.startup.HostConfig.deployWAR Deploying web application archive [C:\Users\I762635\Desktop\WebDev_Projects\WEB_DEV_CA\CA2\apache-tomcat-8.5.100\webapps\ca2.war]
16-Dec-2025 12:11:05.708 INFO [localhost-startStop-4] org.apache.jasper.servlet.TldScanner.scanJars At least one JAR was scanned for TLDs yet contained no TLDs. Enable debug logging for this logger for a complete list of JARs that were scanned but no TLDs were found in them. Skipping unneeded JARs during scanning can improve startup time and JSP compilation time.
16-Dec-2025 12:11:06.051 INFO [localhost-startStop-4] com.opensymphony.xwork2.config.providers.XmlConfigurationProvider.register Parsing configuration file [struts-default.xml]
16-Dec-2025 12:11:06.333 INFO [localhost-startStop-4] com.opensymphony.xwork2.config.providers.XmlConfigurationProvider.register Parsing configuration file [struts-plugin.xml]
16-Dec-2025 12:11:06.335 INFO [localhost-startStop-4] com.opensymphony.xwork2.config.providers.XmlConfigurationProvider.register Parsing configuration file [struts.xml]
16-Dec-2025 12:11:06.349 WARNING [localhost-startStop-4] org.apache.struts2.config.Settings.getLocale Settings: Could not parse struts.locale setting, substituting default VM locale
16-Dec-2025 12:11:07.276 INFO [localhost-startStop-4] com.opensymphony.xwork2.util.ObjectTypeDeterminerFactory.<clinit> Setting DefaultObjectTypeDeterminer as default ...
16-Dec-2025 12:11:07.292 INFO [localhost-startStop-4] org.apache.catalina.startup.HostConfig.deployWAR Deployment of web application archive [C:\Users\I762635\Desktop\WebDev_Projects\WEB_DEV_CA\CA2\apache-tomcat-8.5.100\webapps\ca2.war] has finished in [4,748] ms
16-Dec-2025 12:11:28.814 WARNING [http-nio-8080-exec-21] org.apache.struts2.components.Form.evaluateExtraParamsServletRequest No configuration found for the specified action: 'login' in namespace: ''. Form action defaulting to 'action' attribute's literal value.
16-Dec-2025 12:11:30.867 WARNING [http-nio-8080-exec-21] org.apache.struts2.components.Form.evaluateExtraParamsServletRequest No configuration found for the specified action: 'login' in namespace: ''. Form action defaulting to 'action' attribute's literal value.
16-Dec-2025 12:11:45.933 SEVERE [http-nio-8080-exec-23] org.apache.struts2.dispatcher.Dispatcher.serviceAction Could not find action or result
	There is no Action mapped for namespace / and action name dashboard. - [unknown location]
		at com.opensymphony.xwork2.DefaultActionProxy.prepare(DefaultActionProxy.java:186)
		at org.apache.struts2.impl.StrutsActionProxyFactory.createActionProxy(StrutsActionProxyFactory.java:41)
		at org.apache.struts2.dispatcher.Dispatcher.serviceAction(Dispatcher.java:494)
		at org.apache.struts2.dispatcher.FilterDispatcher.doFilter(FilterDispatcher.java:419)
		at org.apache.catalina.core.ApplicationFilterChain.internalDoFilter(ApplicationFilterChain.java:181)
		at org.apache.catalina.core.ApplicationFilterChain.doFilter(ApplicationFilterChain.java:156)
		at org.apache.catalina.core.StandardWrapperValve.invoke(StandardWrapperValve.java:168)
		at org.apache.catalina.core.StandardContextValve.invoke(StandardContextValve.java:90)
		at org.apache.catalina.authenticator.AuthenticatorBase.invoke(AuthenticatorBase.java:483)
		at org.apache.catalina.core.StandardHostValve.invoke(StandardHostValve.java:130)
		at org.apache.catalina.valves.ErrorReportValve.invoke(ErrorReportValve.java:93)
		at org.apache.catalina.valves.AbstractAccessLogValve.invoke(AbstractAccessLogValve.java:679)
		at org.apache.catalina.core.StandardEngineValve.invoke(StandardEngineValve.java:74)
		at org.apache.catalina.connector.CoyoteAdapter.service(CoyoteAdapter.java:346)
		at org.apache.coyote.http11.Http11Processor.service(Http11Processor.java:617)
		at org.apache.coyote.AbstractProcessorLight.process(AbstractProcessorLight.java:63)
		at org.apache.coyote.AbstractProtocol$ConnectionHandler.process(AbstractProtocol.java:934)
		at org.apache.tomcat.util.net.NioEndpoint$SocketProcessor.doRun(NioEndpoint.java:1690)
		at org.apache.tomcat.util.net.SocketProcessorBase.run(SocketProcessorBase.java:52)
		at org.apache.tomcat.util.threads.ThreadPoolExecutor.runWorker(ThreadPoolExecutor.java:1191)
		at org.apache.tomcat.util.threads.ThreadPoolExecutor$Worker.run(ThreadPoolExecutor.java:659)
		at org.apache.tomcat.util.threads.TaskThread$WrappingRunnable.run(TaskThread.java:63)
		at java.lang.Thread.run(Thread.java:838)
16-Dec-2025 12:11:51.528 WARNING [http-nio-8080-exec-15] org.apache.struts2.components.Form.evaluateExtraParamsServletRequest No configuration found for the specified action: 'login' in namespace: ''. Form action defaulting to 'action' attribute's literal value.
16-Dec-2025 12:11:51.742 WARNING [http-nio-8080-exec-15] org.apache.struts2.components.Form.evaluateExtraParamsServletRequest No configuration found for the specified action: 'login' in namespace: ''. Form action defaulting to 'action' attribute's literal value.
16-Dec-2025 12:16:27.815 INFO [ContainerBackgroundProcessor[StandardEngine[Catalina]]] org.apache.catalina.startup.HostConfig.undeploy Undeploying context [/ca2]
16-Dec-2025 12:16:27.861 SEVERE [ContainerBackgroundProcessor[StandardEngine[Catalina]]] org.apache.catalina.loader.WebappClassLoaderBase.checkThreadLocalMapForLeaks The web application [ca2] created a ThreadLocal with key of type [com.opensymphony.xwork2.inject.ContainerImpl$10] (value [com.opensymphony.xwork2.inject.ContainerImpl$10@159838f6]) and a value of type [com.opensymphony.xwork2.inject.InternalContext[]] (value [[Lcom.opensymphony.xwork2.inject.InternalContext;@5265fcf3]) but failed to remove it when the web application was stopped. Threads are going to be renewed over time to try and avoid a probable memory leak.
16-Dec-2025 12:16:27.870 SEVERE [ContainerBackgroundProcessor[StandardEngine[Catalina]]] org.apache.catalina.loader.WebappClassLoaderBase.checkThreadLocalMapForLeaks The web application [ca2] created a ThreadLocal with key of type [com.opensymphony.xwork2.inject.ContainerImpl$10] (value [com.opensymphony.xwork2.inject.ContainerImpl$10@159838f6]) and a value of type [com.opensymphony.xwork2.inject.InternalContext[]] (value [[Lcom.opensymphony.xwork2.inject.InternalContext;@341a294a]) but failed to remove it when the web application was stopped. Threads are going to be renewed over time to try and avoid a probable memory leak.
16-Dec-2025 12:16:27.871 SEVERE [ContainerBackgroundProcessor[StandardEngine[Catalina]]] org.apache.catalina.loader.WebappClassLoaderBase.checkThreadLocalMapForLeaks The web application [ca2] created a ThreadLocal with key of type [com.opensymphony.xwork2.inject.ContainerImpl$10] (value [com.opensymphony.xwork2.inject.ContainerImpl$10@159838f6]) and a value of type [com.opensymphony.xwork2.inject.InternalContext[]] (value [[Lcom.opensymphony.xwork2.inject.InternalContext;@32aafcea]) but failed to remove it when the web application was stopped. Threads are going to be renewed over time to try and avoid a probable memory leak.
16-Dec-2025 12:16:27.871 SEVERE [ContainerBackgroundProcessor[StandardEngine[Catalina]]] org.apache.catalina.loader.WebappClassLoaderBase.checkThreadLocalMapForLeaks The web application [ca2] created a ThreadLocal with key of type [com.opensymphony.xwork2.inject.ContainerImpl$10] (value [com.opensymphony.xwork2.inject.ContainerImpl$10@159838f6]) and a value of type [com.opensymphony.xwork2.inject.InternalContext[]] (value [[Lcom.opensymphony.xwork2.inject.InternalContext;@5f38979f]) but failed to remove it when the web application was stopped. Threads are going to be renewed over time to try and avoid a probable memory leak.
